scripts/common/hydro-vendor/spdlog/spdlog-prefix/src/spdlog/tests/catch.hpp:int main (int argc, char * const argv[]) {
scripts/common/hydro-vendor/spdlog/spdlog-prefix/src/spdlog/tests/catch.hpp:int main (int argc, char * const argv[]) {
scripts/common/hydro-vendor/spdlog/spdlog-prefix/src/spdlog/bench/plog-bench.cpp:int main(int, char *[])
scripts/common/hydro-vendor/spdlog/spdlog-prefix/src/spdlog/bench/boost-bench.cpp:int main(int, char *[])
scripts/common/hydro-vendor/spdlog/spdlog-prefix/src/spdlog/bench/easylogging-bench-mt.cpp:int main(int argc, char *argv[])
scripts/common/hydro-vendor/spdlog/spdlog-prefix/src/spdlog/bench/easylogging-bench.cpp:int main(int, char *[])
scripts/common/hydro-vendor/spdlog/spdlog-prefix/src/spdlog/bench/plog-bench-mt.cpp:int main(int argc, char *argv[])
scripts/common/hydro-vendor/spdlog/spdlog-prefix/src/spdlog/bench/p7-bench.cpp:int main(int, char *[])
scripts/common/hydro-vendor/spdlog/spdlog-prefix/src/spdlog/bench/spdlog-async.cpp:int main(int argc, char *argv[])
scripts/common/hydro-vendor/spdlog/spdlog-prefix/src/spdlog/bench/spdlog-null-async.cpp:int main(int argc, char *argv[])
scripts/common/hydro-vendor/spdlog/spdlog-prefix/src/spdlog/bench/log4cplus-bench-mt.cpp:int main(int argc, char *argv[])
scripts/common/hydro-vendor/spdlog/spdlog-prefix/src/spdlog/bench/log4cpp-bench.cpp:int main(int, char *[])
scripts/common/hydro-vendor/spdlog/spdlog-prefix/src/spdlog/bench/spdlog-bench.cpp:int main(int, char *[])
scripts/common/hydro-vendor/spdlog/spdlog-prefix/src/spdlog/bench/boost-bench-mt.cpp:int main(int argc, char *argv[])
scripts/common/hydro-vendor/spdlog/spdlog-prefix/src/spdlog/bench/spdlog-bench-mt.cpp:int main(int argc, char *argv[])
scripts/common/hydro-vendor/spdlog/spdlog-prefix/src/spdlog/bench/log4cplus-bench.cpp:int main(int, char *[])
scripts/common/hydro-vendor/spdlog/spdlog-prefix/src/spdlog/bench/latency/g3log-latency.cpp:int main(int argc, char **argv)
scripts/common/hydro-vendor/spdlog/spdlog-prefix/src/spdlog/bench/latency/spdlog-latency.cpp:int main(int argc, char **argv)
scripts/common/hydro-vendor/spdlog/spdlog-prefix/src/spdlog/bench/latency/g3log-crush.cpp:int main(int argc, char **argv)
scripts/common/hydro-vendor/spdlog/spdlog-prefix/src/spdlog/bench/glog-bench.cpp:int main(int, char *argv[])
scripts/common/hydro-vendor/spdlog/spdlog-prefix/src/spdlog/bench/g2log-async.cpp:int main(int argc, char *argv[])
scripts/common/hydro-vendor/spdlog/spdlog-prefix/src/spdlog/bench/glog-bench-mt.cpp:int main(int argc, char *argv[])
scripts/common/hydro-vendor/spdlog/spdlog-prefix/src/spdlog/bench/easylogging-bench-async.cpp:int main(int argc, char *argv[])
scripts/common/hydro-vendor/spdlog/spdlog-prefix/src/spdlog/bench/log4cpp-bench-mt.cpp:int main(int argc, char *argv[])
scripts/common/hydro-vendor/spdlog/spdlog-prefix/src/spdlog/bench/g3log-async.cpp:int main(int argc, char *argv[])
scripts/common/hydro-vendor/spdlog/spdlog-prefix/src/spdlog/bench/p7-bench-mt.cpp:int main(int argc, char *argv[])
scripts/common/hydro-vendor/spdlog/spdlog-prefix/src/spdlog/example/example.cpp:int main(int, char *[])
scripts/common/hydro-vendor/spdlog/spdlog-prefix/src/spdlog/example/jni/example.cpp:int main(int, char *[])
scripts/common/hydro-vendor/spdlog/spdlog-prefix/src/spdlog/example/multisink.cpp:int main(int, char *[])
scripts/common/hydro-vendor/spdlog/spdlog-prefix/src/spdlog/example/bench.cpp:int main(int argc, char *argv[])
scripts/common/hydro-vendor/spdlog/spdlog-prefix/src/spdlog/README.md:int main(int, char*[])
scripts/common/hydro-vendor/yamlcpp/src/yamlcpp/CMakeFiles/3.16.3/CompilerIdCXX/CMakeCXXCompilerId.cpp:int main(int argc, char* argv[])
scripts/common/hydro-vendor/yamlcpp/src/yamlcpp/CMakeFiles/3.16.3/CompilerIdC/CMakeCCompilerId.c:int main(argc, argv) int argc; char *argv[];
scripts/common/hydro-vendor/yamlcpp/src/yamlcpp/CMakeFiles/3.16.3/CompilerIdC/CMakeCCompilerId.c:int main(int argc, char* argv[])
scripts/common/hydro-vendor/yamlcpp/src/yamlcpp/CMakeFiles/CMakeOutput.log:int main() { return 0; }
scripts/common/hydro-vendor/yamlcpp/src/yamlcpp/util/sandbox.cpp:int main() {
scripts/common/hydro-vendor/yamlcpp/src/yamlcpp/util/api.cpp:int main() {
scripts/common/hydro-vendor/yamlcpp/src/yamlcpp/util/parse.cpp:int main(int argc, char** argv) {
scripts/common/hydro-vendor/yamlcpp/src/yamlcpp/util/read.cpp:int main(int argc, char** argv) {
scripts/common/hydro-vendor/yamlcpp/src/yamlcpp/test/main.cpp:int main(int argc, char** argv) {
scripts/common/hydro-vendor/yamlcpp/src/yamlcpp/test/gtest-1.8.0/googletest/xcode/Samples/FrameworkSample/widget_test.cc:// int main(int argc, char** argv) {
scripts/common/hydro-vendor/yamlcpp/src/yamlcpp/test/gtest-1.8.0/googletest/samples/sample10_unittest.cc:int main(int argc, char **argv) {
scripts/common/hydro-vendor/yamlcpp/src/yamlcpp/test/gtest-1.8.0/googletest/samples/sample9_unittest.cc:int main(int argc, char **argv) {
scripts/common/hydro-vendor/yamlcpp/src/yamlcpp/test/gtest-1.8.0/googletest/docs/V1_5_Primer.md:int main(int argc, char **argv) {
scripts/common/hydro-vendor/yamlcpp/src/yamlcpp/test/gtest-1.8.0/googletest/docs/V1_7_AdvancedGuide.md:int main(int argc, char** argv) {
scripts/common/hydro-vendor/yamlcpp/src/yamlcpp/test/gtest-1.8.0/googletest/docs/V1_7_AdvancedGuide.md:int main(int argc, char** argv) {
scripts/common/hydro-vendor/yamlcpp/src/yamlcpp/test/gtest-1.8.0/googletest/docs/V1_7_AdvancedGuide.md:int main(int argc, char** argv) {
scripts/common/hydro-vendor/yamlcpp/src/yamlcpp/test/gtest-1.8.0/googletest/docs/V1_7_AdvancedGuide.md:int main(int argc, char** argv) {
scripts/common/hydro-vendor/yamlcpp/src/yamlcpp/test/gtest-1.8.0/googletest/docs/V1_7_Primer.md:int main(int argc, char **argv) {
scripts/common/hydro-vendor/yamlcpp/src/yamlcpp/test/gtest-1.8.0/googletest/docs/Primer.md:int main(int argc, char **argv) {
scripts/common/hydro-vendor/yamlcpp/src/yamlcpp/test/gtest-1.8.0/googletest/docs/V1_6_Primer.md:int main(int argc, char **argv) {
scripts/common/hydro-vendor/yamlcpp/src/yamlcpp/test/gtest-1.8.0/googletest/docs/V1_6_AdvancedGuide.md:int main(int argc, char** argv) {
scripts/common/hydro-vendor/yamlcpp/src/yamlcpp/test/gtest-1.8.0/googletest/docs/V1_6_AdvancedGuide.md:int main(int argc, char** argv) {
scripts/common/hydro-vendor/yamlcpp/src/yamlcpp/test/gtest-1.8.0/googletest/docs/V1_6_AdvancedGuide.md:int main(int argc, char** argv) {
scripts/common/hydro-vendor/yamlcpp/src/yamlcpp/test/gtest-1.8.0/googletest/docs/V1_6_AdvancedGuide.md:int main(int argc, char** argv) {
scripts/common/hydro-vendor/yamlcpp/src/yamlcpp/test/gtest-1.8.0/googletest/docs/V1_5_AdvancedGuide.md:int main(int argc, char** argv) {
scripts/common/hydro-vendor/yamlcpp/src/yamlcpp/test/gtest-1.8.0/googletest/docs/V1_5_AdvancedGuide.md:int main(int argc, char** argv) {
scripts/common/hydro-vendor/yamlcpp/src/yamlcpp/test/gtest-1.8.0/googletest/docs/V1_5_AdvancedGuide.md:int main(int argc, char** argv) {
scripts/common/hydro-vendor/yamlcpp/src/yamlcpp/test/gtest-1.8.0/googletest/docs/V1_5_AdvancedGuide.md:int main(int argc, char** argv) {
scripts/common/hydro-vendor/yamlcpp/src/yamlcpp/test/gtest-1.8.0/googletest/docs/AdvancedGuide.md:int main(int argc, char** argv) {
scripts/common/hydro-vendor/yamlcpp/src/yamlcpp/test/gtest-1.8.0/googletest/docs/AdvancedGuide.md:int main(int argc, char** argv) {
scripts/common/hydro-vendor/yamlcpp/src/yamlcpp/test/gtest-1.8.0/googletest/docs/AdvancedGuide.md:int main(int argc, char** argv) {
scripts/common/hydro-vendor/yamlcpp/src/yamlcpp/test/gtest-1.8.0/googletest/docs/AdvancedGuide.md:int main(int argc, char** argv) {
scripts/common/hydro-vendor/yamlcpp/src/yamlcpp/test/gtest-1.8.0/googletest/test/gtest_break_on_failure_unittest_.cc:int main(int argc, char **argv) {
scripts/common/hydro-vendor/yamlcpp/src/yamlcpp/test/gtest-1.8.0/googletest/test/gtest_catch_exceptions_test_.cc:int main(int argc, char** argv) {
scripts/common/hydro-vendor/yamlcpp/src/yamlcpp/test/gtest-1.8.0/googletest/test/gtest_xml_output_unittest_.cc:int main(int argc, char** argv) {
scripts/common/hydro-vendor/yamlcpp/src/yamlcpp/test/gtest-1.8.0/googletest/test/gtest-unittest-api_test.cc:int main(int argc, char **argv) {
scripts/common/hydro-vendor/yamlcpp/src/yamlcpp/test/gtest-1.8.0/googletest/test/gtest_stress_test.cc:int main(int argc, char **argv) {
scripts/common/hydro-vendor/yamlcpp/src/yamlcpp/test/gtest-1.8.0/googletest/test/gtest_stress_test.cc:int main(int argc, char **argv) {
scripts/common/hydro-vendor/yamlcpp/src/yamlcpp/test/gtest-1.8.0/googletest/test/gtest_list_tests_unittest_.cc:int main(int argc, char **argv) {
scripts/common/hydro-vendor/yamlcpp/src/yamlcpp/test/gtest-1.8.0/googletest/test/gtest_premature_exit_test.cc:int main(int argc, char **argv) {
scripts/common/hydro-vendor/yamlcpp/src/yamlcpp/test/gtest-1.8.0/googletest/test/gtest_environment_test.cc:int main(int argc, char **argv) {
scripts/common/hydro-vendor/yamlcpp/src/yamlcpp/test/gtest-1.8.0/googletest/test/gtest_output_test_.cc:int main(int argc, char **argv) {
scripts/common/hydro-vendor/yamlcpp/src/yamlcpp/test/gtest-1.8.0/googletest/test/gtest_no_test_unittest.cc:int main(int argc, char **argv) {
scripts/common/hydro-vendor/yamlcpp/src/yamlcpp/test/gtest-1.8.0/googletest/test/gtest-death-test_ex_test.cc:int main(int argc, char** argv) {
scripts/common/hydro-vendor/yamlcpp/src/yamlcpp/test/gtest-1.8.0/googletest/test/gtest_throw_on_failure_test_.cc:int main(int argc, char** argv) {
scripts/common/hydro-vendor/yamlcpp/src/yamlcpp/test/gtest-1.8.0/googletest/test/gtest_env_var_test_.cc:int main(int argc, char** argv) {
scripts/common/hydro-vendor/yamlcpp/src/yamlcpp/test/gtest-1.8.0/googletest/test/gtest_uninitialized_test_.cc:int main() {
scripts/common/hydro-vendor/yamlcpp/src/yamlcpp/test/gtest-1.8.0/googletest/test/gtest_filter_unittest_.cc:int main(int argc, char **argv) {
scripts/common/hydro-vendor/yamlcpp/src/yamlcpp/test/gtest-1.8.0/googletest/test/gtest-param-test_test.cc:int main(int argc, char **argv) {
scripts/common/hydro-vendor/yamlcpp/src/yamlcpp/test/gtest-1.8.0/googletest/test/gtest_color_test_.cc:int main(int argc, char** argv) {
scripts/common/hydro-vendor/yamlcpp/src/yamlcpp/test/gtest-1.8.0/googletest/test/gtest_throw_on_failure_ex_test.cc:int main(int argc, char** argv) {
scripts/common/hydro-vendor/yamlcpp/src/yamlcpp/test/gtest-1.8.0/googletest/test/gtest_repeat_test.cc:int main(int argc, char **argv) {
scripts/common/hydro-vendor/yamlcpp/src/yamlcpp/test/gtest-1.8.0/googletest/test/gtest_shuffle_test_.cc:int main(int argc, char **argv) {
scripts/common/hydro-vendor/yamlcpp/src/yamlcpp/test/gtest-1.8.0/googletest/test/gtest-listener_test.cc:int main(int argc, char **argv) {
scripts/common/hydro-vendor/yamlcpp/src/yamlcpp/test/gtest-1.8.0/googletest/src/gtest_main.cc:GTEST_API_ int main(int argc, char **argv) {
scripts/common/hydro-vendor/yamlcpp/src/yamlcpp/test/gtest-1.8.0/googlemock/docs/ForDummies.md:int main(int argc, char** argv) {
scripts/common/hydro-vendor/yamlcpp/src/yamlcpp/test/gtest-1.8.0/googlemock/docs/ForDummies.md:int main(int argc, char** argv) {
scripts/common/hydro-vendor/yamlcpp/src/yamlcpp/test/gtest-1.8.0/googlemock/docs/v1_7/ForDummies.md:int main(int argc, char** argv) {
scripts/common/hydro-vendor/yamlcpp/src/yamlcpp/test/gtest-1.8.0/googlemock/docs/v1_7/ForDummies.md:int main(int argc, char** argv) {
scripts/common/hydro-vendor/yamlcpp/src/yamlcpp/test/gtest-1.8.0/googlemock/docs/v1_5/ForDummies.md:int main(int argc, char** argv) {
scripts/common/hydro-vendor/yamlcpp/src/yamlcpp/test/gtest-1.8.0/googlemock/docs/v1_5/ForDummies.md:int main(int argc, char** argv) {
scripts/common/hydro-vendor/yamlcpp/src/yamlcpp/test/gtest-1.8.0/googlemock/docs/v1_6/ForDummies.md:int main(int argc, char** argv) {
scripts/common/hydro-vendor/yamlcpp/src/yamlcpp/test/gtest-1.8.0/googlemock/docs/v1_6/ForDummies.md:int main(int argc, char** argv) {
scripts/common/hydro-vendor/yamlcpp/src/yamlcpp/test/gtest-1.8.0/googlemock/test/gmock_stress_test.cc:int main(int argc, char **argv) {
scripts/common/hydro-vendor/yamlcpp/src/yamlcpp/test/gtest-1.8.0/googlemock/test/gmock-spec-builders_test.cc:int main(int argc, char **argv) {
scripts/common/hydro-vendor/yamlcpp/src/yamlcpp/test/gtest-1.8.0/googlemock/test/gmock_output_test_.cc:int main(int argc, char **argv) {
scripts/common/hydro-vendor/yamlcpp/src/yamlcpp/test/gtest-1.8.0/googlemock/src/gmock_main.cc:GTEST_API_ int main(int argc, char** argv) {
scripts/common/hydro-vendor/zeromq/src/zeromq/config/libtool.m4:int main() { return 0;}
scripts/common/hydro-vendor/zeromq/src/zeromq/config/libtool.m4:int main ()
scripts/common/hydro-vendor/zeromq/src/zeromq/config/libtool.m4:int main(){nm_test_var='a';nm_test_func();return(0);}
scripts/common/hydro-vendor/zeromq/src/zeromq/config/libtool.m4:lt_simple_link_test_code='int main(){return(0);}'
scripts/common/hydro-vendor/zeromq/src/zeromq/config/libtool.m4:  lt_simple_link_test_code='int main(int, char *[[]]) { return(0); }'
scripts/common/hydro-vendor/zeromq/src/zeromq/config/config.guess:	int main (int argc, char *argv[]) {
scripts/common/hydro-vendor/zeromq/src/zeromq/config/config.guess:	int main (argc, argv) int argc; char *argv[]; {
scripts/common/hydro-vendor/zeromq/src/zeromq/config/config.guess:		int main ()
scripts/common/hydro-vendor/zeromq/src/zeromq/config/ltmain.sh:	  int main() { return 0; }
scripts/common/hydro-vendor/zeromq/src/zeromq/config.log:conftest.cpp: In function 'int main()':
scripts/common/hydro-vendor/zeromq/src/zeromq/config.log:conftest.cpp: In function 'int main()':
scripts/common/hydro-vendor/zeromq/src/zeromq/config.log:conftest.cpp: In function 'int main()':
scripts/common/hydro-vendor/zeromq/src/zeromq/config.log:conftest.cpp: In function 'int main()':
scripts/common/hydro-vendor/zeromq/src/zeromq/config.log:conftest.cpp: In function 'int main()':
scripts/common/hydro-vendor/zeromq/src/zeromq/config.log:conftest.cpp: In function 'int main()':
scripts/common/hydro-vendor/zeromq/src/zeromq/config.log:conftest.cpp: In function 'int main()':
scripts/common/hydro-vendor/zeromq/src/zeromq/config.log:conftest.cpp: In function 'int main()':
scripts/common/hydro-vendor/zeromq/src/zeromq/config.log:conftest.cpp: In function 'int main()':
scripts/common/hydro-vendor/zeromq/src/zeromq/config.log:conftest.cpp: In function 'int main()':
scripts/common/hydro-vendor/zeromq/src/zeromq/config.log:conftest.cpp: In function 'int main()':
scripts/common/hydro-vendor/zeromq/src/zeromq/config.log:conftest.cpp: In function 'int main()':
scripts/common/hydro-vendor/zeromq/src/zeromq/config.log:conftest.cpp: In function 'int main(int, char**)':
scripts/common/hydro-vendor/zeromq/src/zeromq/config.log:| int main (int argc, char *argv [])
scripts/common/hydro-vendor/zeromq/src/zeromq/config.log:conftest.cpp: In function 'int main(int, char**)':
scripts/common/hydro-vendor/zeromq/src/zeromq/config.log:| int main (int argc, char *argv [])
scripts/common/hydro-vendor/zeromq/src/zeromq/configure:int main(){nm_test_var='a';nm_test_func();return(0);}
scripts/common/hydro-vendor/zeromq/src/zeromq/configure:int main() { return 0;}
scripts/common/hydro-vendor/zeromq/src/zeromq/configure:lt_simple_link_test_code='int main(){return(0);}'
scripts/common/hydro-vendor/zeromq/src/zeromq/configure:int main ()
scripts/common/hydro-vendor/zeromq/src/zeromq/configure:int main ()
scripts/common/hydro-vendor/zeromq/src/zeromq/configure:  lt_simple_link_test_code='int main(int, char *[]) { return(0); }'
scripts/common/hydro-vendor/zeromq/src/zeromq/configure:int main (int argc, char *argv [])
scripts/common/hydro-vendor/zeromq/src/zeromq/configure:int main (int, char **)
scripts/common/hydro-vendor/zeromq/src/zeromq/configure:int main (int argc, char *argv [])
scripts/common/hydro-vendor/zeromq/src/zeromq/configure:int main (int argc, char *argv [])
scripts/common/hydro-vendor/zeromq/src/zeromq/configure:int main (int argc, char *argv [])
scripts/common/hydro-vendor/zeromq/src/zeromq/configure:int main (int argc, char *argv [])
scripts/common/hydro-vendor/zeromq/src/zeromq/configure:int main (int argc, char *argv [])
scripts/common/hydro-vendor/zeromq/src/zeromq/configure:int main (int argc, char *argv [])
scripts/common/hydro-vendor/zeromq/src/zeromq/configure:int main (int argc, char *argv [])
scripts/common/hydro-vendor/zeromq/src/zeromq/configure:int main (int argc, char *argv [])
scripts/common/hydro-vendor/zeromq/src/zeromq/configure:int main (int argc, char *argv [])
scripts/common/hydro-vendor/zeromq/src/zeromq/builds/zos/test_fork.cpp:int main (void)
scripts/common/hydro-vendor/zeromq/src/zeromq/builds/cmake/Modules/ZMQSourceRunChecks.cmake:int main(int argc, char *argv [])
scripts/common/hydro-vendor/zeromq/src/zeromq/builds/cmake/Modules/ZMQSourceRunChecks.cmake:int main(int argc, char *argv [])
scripts/common/hydro-vendor/zeromq/src/zeromq/builds/cmake/Modules/ZMQSourceRunChecks.cmake:int main(int argc, char *argv [])
scripts/common/hydro-vendor/zeromq/src/zeromq/builds/cmake/Modules/ZMQSourceRunChecks.cmake:int main(int argc, char *argv [])
scripts/common/hydro-vendor/zeromq/src/zeromq/builds/cmake/Modules/ZMQSourceRunChecks.cmake:int main(int argc, char *argv [])
scripts/common/hydro-vendor/zeromq/src/zeromq/builds/cmake/Modules/ZMQSourceRunChecks.cmake:int main(int argc, char *argv [])
scripts/common/hydro-vendor/zeromq/src/zeromq/builds/cmake/Modules/ZMQSourceRunChecks.cmake:int main(int argc, char *argv [])
scripts/common/hydro-vendor/zeromq/src/zeromq/builds/cmake/Modules/ZMQSourceRunChecks.cmake:int main(int argc, char *argv [])
scripts/common/hydro-vendor/zeromq/src/zeromq/builds/cmake/Modules/ZMQSourceRunChecks.cmake:int main(int argc, char *argv [])
scripts/common/hydro-vendor/zeromq/src/zeromq/builds/cmake/Modules/ZMQSourceRunChecks.cmake:int main(int argc, char *argv [])
scripts/common/hydro-vendor/zeromq/src/zeromq/builds/cmake/Modules/ZMQSourceRunChecks.cmake:int main(int argc, char *argv [])
scripts/common/hydro-vendor/zeromq/src/zeromq/builds/cmake/Modules/ZMQSourceRunChecks.cmake:int main(int argc, char *argv [])
scripts/common/hydro-vendor/zeromq/src/zeromq/builds/cmake/Modules/ZMQSourceRunChecks.cmake:int main(int argc, char *argv [])
scripts/common/hydro-vendor/zeromq/src/zeromq/builds/cmake/Modules/ZMQSourceRunChecks.cmake:int main(int argc, char *argv [])
scripts/common/hydro-vendor/zeromq/src/zeromq/builds/cmake/Modules/ZMQSourceRunChecks.cmake:int main(int argc, char *argv [])
scripts/common/hydro-vendor/zeromq/src/zeromq/builds/cmake/Modules/ZMQSourceRunChecks.cmake:int main (int argc, char *argv [])
scripts/common/hydro-vendor/zeromq/src/zeromq/tests/test_stream_exceeds_buffer.cpp:int main ()
scripts/common/hydro-vendor/zeromq/src/zeromq/tests/test_pair_inproc.cpp:int main (void)
scripts/common/hydro-vendor/zeromq/src/zeromq/tests/test_spec_rep.cpp:int main (void)
scripts/common/hydro-vendor/zeromq/src/zeromq/tests/test_pair_tcp.cpp:int main (void)
scripts/common/hydro-vendor/zeromq/src/zeromq/tests/test_connect_delay_tipc.cpp:int main (void)
scripts/common/hydro-vendor/zeromq/src/zeromq/tests/test_security_null.cpp:int main (void)
scripts/common/hydro-vendor/zeromq/src/zeromq/tests/test_use_fd_ipc.cpp:int main (void)
scripts/common/hydro-vendor/zeromq/src/zeromq/tests/test_use_fd_ipc.cpp:int main (void)
scripts/common/hydro-vendor/zeromq/src/zeromq/tests/test_ctx_options.cpp:int main (void)
scripts/common/hydro-vendor/zeromq/src/zeromq/tests/test_router_handover.cpp:int main (void)
scripts/common/hydro-vendor/zeromq/src/zeromq/tests/test_xpub_verbose.cpp:int main (void)
scripts/common/hydro-vendor/zeromq/src/zeromq/tests/test_setsockopt.cpp:int main (void)
scripts/common/hydro-vendor/zeromq/src/zeromq/tests/test_stream_disconnect.cpp:int main (int, char **)
scripts/common/hydro-vendor/zeromq/src/zeromq/tests/test_xpub_manual.cpp:int main (void)
scripts/common/hydro-vendor/zeromq/src/zeromq/tests/test_unbind_inproc.cpp:int main (void)
scripts/common/hydro-vendor/zeromq/src/zeromq/tests/test_monitor.cpp:int main (void)
scripts/common/hydro-vendor/zeromq/src/zeromq/tests/test_spec_router.cpp:int main (void)
scripts/common/hydro-vendor/zeromq/src/zeromq/tests/test_stream_empty.cpp:int main (void)
scripts/common/hydro-vendor/zeromq/src/zeromq/tests/test_immediate.cpp:int main (void)
scripts/common/hydro-vendor/zeromq/src/zeromq/tests/test_ipc_wildcard.cpp:int main (void)
scripts/common/hydro-vendor/zeromq/src/zeromq/tests/test_shutdown_stress_tipc.cpp:int main (void)
scripts/common/hydro-vendor/zeromq/src/zeromq/tests/test_diffserv.cpp:int main (void)
scripts/common/hydro-vendor/zeromq/src/zeromq/tests/test_req_correlate.cpp:int main (void)
scripts/common/hydro-vendor/zeromq/src/zeromq/tests/test_iov.cpp:int main (void)
scripts/common/hydro-vendor/zeromq/src/zeromq/tests/test_msg_flags.cpp:int main (void)
scripts/common/hydro-vendor/zeromq/src/zeromq/tests/test_term_endpoint.cpp:int main (void)
scripts/common/hydro-vendor/zeromq/src/zeromq/tests/test_srcfd.cpp:int main (void)
scripts/common/hydro-vendor/zeromq/src/zeromq/tests/test_atomics.cpp:int main (void)
scripts/common/hydro-vendor/zeromq/src/zeromq/tests/test_security_gssapi.cpp:int main (void)
scripts/common/hydro-vendor/zeromq/src/zeromq/tests/test_scatter_gather.cpp:int main (void)
scripts/common/hydro-vendor/zeromq/src/zeromq/tests/test_reqrep_vmci.cpp:int main (void)
scripts/common/hydro-vendor/zeromq/src/zeromq/tests/test_stream.cpp:int main (void)
scripts/common/hydro-vendor/zeromq/src/zeromq/tests/test_client_server.cpp:int main (void)
scripts/common/hydro-vendor/zeromq/src/zeromq/tests/test_fork.cpp:int main (void)
scripts/common/hydro-vendor/zeromq/src/zeromq/tests/test_reqrep_ipc.cpp:int main (void)
scripts/common/hydro-vendor/zeromq/src/zeromq/tests/test_router_mandatory.cpp:int main (void)
scripts/common/hydro-vendor/zeromq/src/zeromq/tests/test_use_fd_tcp.cpp:int main (void)
scripts/common/hydro-vendor/zeromq/src/zeromq/tests/test_use_fd_tcp.cpp:int main (void)
scripts/common/hydro-vendor/zeromq/src/zeromq/tests/test_app_meta.cpp:int main ()
scripts/common/hydro-vendor/zeromq/src/zeromq/tests/test_invalid_rep.cpp:int main (void)
scripts/common/hydro-vendor/zeromq/src/zeromq/tests/test_router_mandatory_tipc.cpp:int main (void)
scripts/common/hydro-vendor/zeromq/src/zeromq/tests/test_spec_req.cpp:int main (void)
scripts/common/hydro-vendor/zeromq/src/zeromq/tests/test_bind_src_address.cpp:int main (void)
scripts/common/hydro-vendor/zeromq/src/zeromq/tests/test_proxy.cpp:int main (void)
scripts/common/hydro-vendor/zeromq/src/zeromq/tests/test_reqrep_tipc.cpp:int main (void)
scripts/common/hydro-vendor/zeromq/src/zeromq/tests/test_timers.cpp:int main (void)
scripts/common/hydro-vendor/zeromq/src/zeromq/tests/test_socket_null.cpp:int main (void)
scripts/common/hydro-vendor/zeromq/src/zeromq/tests/test_rebind_ipc.cpp:int main (void)
scripts/common/hydro-vendor/zeromq/src/zeromq/tests/test_conflate.cpp:int main (int, char *[])
scripts/common/hydro-vendor/zeromq/src/zeromq/tests/test_reqrep_device.cpp:int main (void)
scripts/common/hydro-vendor/zeromq/src/zeromq/tests/test_sockopt_hwm.cpp:int main ()
scripts/common/hydro-vendor/zeromq/src/zeromq/tests/test_bind_after_connect_tcp.cpp:int main (void)
scripts/common/hydro-vendor/zeromq/src/zeromq/tests/test_proxy_terminate.cpp:int main (void)
scripts/common/hydro-vendor/zeromq/src/zeromq/tests/test_getsockopt_memset.cpp:int main (void)
scripts/common/hydro-vendor/zeromq/src/zeromq/tests/test_msg_ffn.cpp:int main (void)
scripts/common/hydro-vendor/zeromq/src/zeromq/tests/test_base85.cpp:int main (void)
scripts/common/hydro-vendor/zeromq/src/zeromq/tests/test_heartbeats.cpp:int main (void)
scripts/common/hydro-vendor/zeromq/src/zeromq/tests/test_reconnect_ivl.cpp:int main (void)
scripts/common/hydro-vendor/zeromq/src/zeromq/tests/test_filter_ipc.cpp:int main (void)
scripts/common/hydro-vendor/zeromq/src/zeromq/tests/test_ancillaries.cpp:int main (void)
scripts/common/hydro-vendor/zeromq/src/zeromq/tests/test_many_sockets.cpp:int main (void)
scripts/common/hydro-vendor/zeromq/src/zeromq/tests/test_router_mandatory_hwm.cpp:int main (void)
scripts/common/hydro-vendor/zeromq/src/zeromq/tests/test_spec_dealer.cpp:int main (void)
scripts/common/hydro-vendor/zeromq/src/zeromq/tests/test_poller.cpp:int main (void)
scripts/common/hydro-vendor/zeromq/src/zeromq/tests/test_pub_invert_matching.cpp:int main (void)
scripts/common/hydro-vendor/zeromq/src/zeromq/tests/test_probe_router.cpp:int main (void)
scripts/common/hydro-vendor/zeromq/src/zeromq/tests/test_zmq_poll_fd.cpp:int main (void)
scripts/common/hydro-vendor/zeromq/src/zeromq/tests/test_shutdown_stress.cpp:int main (void)
scripts/common/hydro-vendor/zeromq/src/zeromq/tests/test_metadata.cpp:int main (void)
scripts/common/hydro-vendor/zeromq/src/zeromq/tests/test_reqrep_inproc.cpp:int main (void)
scripts/common/hydro-vendor/zeromq/src/zeromq/tests/test_unbind_wildcard.cpp:int main (void)
scripts/common/hydro-vendor/zeromq/src/zeromq/tests/test_capabilities.cpp:int main (void)
scripts/common/hydro-vendor/zeromq/src/zeromq/tests/test_req_relaxed.cpp:int main (void)
scripts/common/hydro-vendor/zeromq/src/zeromq/tests/test_pair_vmci.cpp:int main (void)
scripts/common/hydro-vendor/zeromq/src/zeromq/tests/test_hwm_pubsub.cpp:int main (void)
scripts/common/hydro-vendor/zeromq/src/zeromq/tests/test_last_endpoint.cpp:int main (void)
scripts/common/hydro-vendor/zeromq/src/zeromq/tests/test_xpub_welcome_msg.cpp:int main (void)
scripts/common/hydro-vendor/zeromq/src/zeromq/tests/test_sub_forward.cpp:int main (void)
scripts/common/hydro-vendor/zeromq/src/zeromq/tests/test_radio_dish.cpp:int main (void)
scripts/common/hydro-vendor/zeromq/src/zeromq/tests/test_connect_resolve.cpp:int main (void)
scripts/common/hydro-vendor/zeromq/src/zeromq/tests/test_connect_rid.cpp:int main (void)
scripts/common/hydro-vendor/zeromq/src/zeromq/tests/test_spec_pushpull.cpp:int main (void)
scripts/common/hydro-vendor/zeromq/src/zeromq/tests/test_pair_tipc.cpp:int main (void)
scripts/common/hydro-vendor/zeromq/src/zeromq/tests/test_thread_safe.cpp:int main (void)
scripts/common/hydro-vendor/zeromq/src/zeromq/tests/test_reqrep_device_tipc.cpp:int main (void)
scripts/common/hydro-vendor/zeromq/src/zeromq/tests/test_inproc_connect.cpp:int main (void)
scripts/common/hydro-vendor/zeromq/src/zeromq/tests/test_term_endpoint_tipc.cpp:int main (void)
scripts/common/hydro-vendor/zeromq/src/zeromq/tests/test_security_zap.cpp:int main (void)
scripts/common/hydro-vendor/zeromq/src/zeromq/tests/test_disconnect_inproc.cpp:int main (int, char **)
scripts/common/hydro-vendor/zeromq/src/zeromq/tests/test_sub_forward_tipc.cpp:int main (void)
scripts/common/hydro-vendor/zeromq/src/zeromq/tests/test_security_curve.cpp:int main (void)
scripts/common/hydro-vendor/zeromq/src/zeromq/tests/test_sodium.cpp:int main (void)
scripts/common/hydro-vendor/zeromq/src/zeromq/tests/test_security_plain.cpp:int main (void)
scripts/common/hydro-vendor/zeromq/src/zeromq/tests/test_address_tipc.cpp:int main ()
scripts/common/hydro-vendor/zeromq/src/zeromq/tests/test_issue_566.cpp:int main (void)
scripts/common/hydro-vendor/zeromq/src/zeromq/tests/test_system.cpp:int main (void)
scripts/common/hydro-vendor/zeromq/src/zeromq/tests/test_timeo.cpp:int main (void)
scripts/common/hydro-vendor/zeromq/src/zeromq/tests/test_proxy_single_socket.cpp:int main (void)
scripts/common/hydro-vendor/zeromq/src/zeromq/tests/test_reqrep_tcp.cpp:int main (void)
scripts/common/hydro-vendor/zeromq/src/zeromq/tests/test_stream_timeout.cpp:int main (void)
scripts/common/hydro-vendor/zeromq/src/zeromq/tests/test_ctx_destroy.cpp:int main (void)
scripts/common/hydro-vendor/zeromq/src/zeromq/tests/test_xpub_nodrop.cpp:int main (void)
scripts/common/hydro-vendor/zeromq/src/zeromq/tests/test_abstract_ipc.cpp:int main (void)
scripts/common/hydro-vendor/zeromq/src/zeromq/tests/test_pair_ipc.cpp:int main (void)
scripts/common/hydro-vendor/zeromq/src/zeromq/tests/test_hwm.cpp:int main (void)
scripts/common/hydro-vendor/zeromq/src/zeromq/tests/test_dgram.cpp:int main (void)
scripts/common/hydro-vendor/zeromq/src/zeromq/perf/remote_thr.cpp:int main (int argc, char *argv[])
scripts/common/hydro-vendor/zeromq/src/zeromq/perf/local_lat.cpp:int main (int argc, char *argv[])
scripts/common/hydro-vendor/zeromq/src/zeromq/perf/inproc_thr.cpp:int main (int argc, char *argv[])
scripts/common/hydro-vendor/zeromq/src/zeromq/perf/remote_lat.cpp:int main (int argc, char *argv[])
scripts/common/hydro-vendor/zeromq/src/zeromq/perf/local_thr.cpp:int main (int argc, char *argv[])
scripts/common/hydro-vendor/zeromq/src/zeromq/perf/inproc_lat.cpp:int main (int argc, char *argv[])
scripts/common/hydro-vendor/zeromq/src/zeromq/tools/curve_keygen.cpp:int main (void)
scripts/common/hydro-vendor/zeromq/src/zeromq/acinclude.m4:int main (int argc, char *argv [])
scripts/common/hydro-vendor/zeromq/src/zeromq/acinclude.m4:int main (int argc, char *argv [])
scripts/common/hydro-vendor/zeromq/src/zeromq/acinclude.m4:int main (int argc, char *argv [])
scripts/common/hydro-vendor/zeromq/src/zeromq/acinclude.m4:int main (int, char **)
scripts/common/hydro-vendor/zeromq/src/zeromq/acinclude.m4:int main (int argc, char *argv [])
scripts/common/hydro-vendor/zeromq/src/zeromq/acinclude.m4:int main (int argc, char *argv [])
scripts/common/hydro-vendor/zeromq/src/zeromq/acinclude.m4:int main (int argc, char *argv [])
scripts/common/hydro-vendor/zeromq/src/zeromq/acinclude.m4:int main (int argc, char *argv [])
scripts/common/hydro-vendor/zeromq/src/zeromq/acinclude.m4:int main (int argc, char *argv [])
scripts/common/hydro-vendor/zeromq/src/zeromq/acinclude.m4:int main (int argc, char *argv [])
scripts/common/hydro-vendor/zeromq/src/zeromq/acinclude.m4:int main (int argc, char *argv [])
scripts/common/hydro-vendor/zeromq/src/zeromq/unittests/unittest_poller.cpp:int main (void)
scripts/common/hydro-vendor/zeromq/src/zeromq/unittests/unittest_ypipe.cpp:int main (void)
scripts/common/hydro-vendor/zeromq/src/zeromq/unittests/unittest_mtrie.cpp:int main (void)
scripts/common/hydro-vendor/zeromq/src/zeromq/libtool:	  int main() { return 0; }
scripts/common/hydro-vendor/zeromq/src/zeromq/CMakeLists.txt:    int main ()
scripts/common/hydro-vendor/zeromq/src/zeromq/doc/zmq_socket_monitor.html:int main (void)
scripts/common/hydro-vendor/zeromq/src/zeromq/doc/zmq_socket_monitor.3:int main (void)
scripts/common/hydro-vendor/zeromq/src/zeromq/doc/zmq_socket_monitor.txt:int main (void)
scripts/common/hydro-vendor/zeromqcpp/zeromqcpp-prefix/src/zeromqcpp/tests/main.cpp:int main(int argc, char **argv)
scripts/common/hydro-vendor/zeromqcpp/zeromqcpp-prefix/src/zeromqcpp/demo/main.cpp:int main(int argc, char **argv)
common/shm-ipc/3rdparty/gtest/src/gtest_main.cc:GTEST_API_ int main(int argc, char **argv) {
src/client/client_test.cpp:int main(int argc, char *argv[]) {
src/executor/executor_server.cpp:int main(int argc, char *argv[]) {
src/coordinator/coordinator.cpp:int main(int argc, char *argv[]) {
src/manager/manager_server.cpp:int main(int argc, char *argv[]) {
src/scheduler/scheduler_server.cpp:int main(int argc, char *argv[]) {
